TN:
SF:app.js
FN:21,(anonymous_0)
FNF:1
FNH:0
FNDA:0,(anonymous_0)
DA:1,2
DA:2,2
DA:3,2
DA:4,2
DA:5,2
DA:6,2
DA:7,2
DA:8,2
DA:11,2
DA:13,2
DA:16,2
DA:17,2
DA:19,2
DA:21,2
DA:23,2
DA:24,2
DA:26,2
DA:27,2
DA:29,2
LF:19
LH:19
BRF:0
BRH:0
end_of_record
TN:
SF:config\db.js
FN:3,(anonymous_0)
FNF:1
FNH:1
FNDA:2,(anonymous_0)
DA:1,2
DA:3,2
DA:4,2
DA:5,2
DA:6,2
DA:8,0
DA:9,0
DA:13,2
LF:8
LH:6
BRF:0
BRH:0
end_of_record
TN:
SF:controllers\fitnessController.js
FN:5,(anonymous_0)
FN:16,(anonymous_1)
FN:37,(anonymous_2)
FN:57,(anonymous_3)
FN:77,(anonymous_4)
FNF:5
FNH:5
FNDA:1,(anonymous_0)
FNDA:1,(anonymous_1)
FNDA:1,(anonymous_2)
FNDA:1,(anonymous_3)
FNDA:1,(anonymous_4)
DA:1,2
DA:2,2
DA:5,2
DA:6,1
DA:7,1
DA:8,1
DA:9,1
DA:11,0
DA:16,2
DA:17,1
DA:19,1
DA:20,1
DA:21,1
DA:28,1
DA:29,1
DA:31,0
DA:32,0
DA:37,2
DA:38,1
DA:39,1
DA:40,0
DA:43,1
DA:44,1
DA:45,1
DA:46,1
DA:47,0
DA:49,1
DA:51,0
DA:52,0
DA:57,2
DA:58,1
DA:59,1
DA:60,1
DA:61,1
DA:66,1
DA:67,0
DA:69,1
DA:71,0
DA:72,0
DA:77,2
DA:78,1
DA:79,1
DA:80,1
DA:81,1
DA:85,1
DA:86,0
DA:88,1
DA:90,0
DA:91,0
DA:95,2
LF:50
LH:37
BRDA:39,0,0,0
BRDA:39,0,1,1
BRDA:46,1,0,0
BRDA:46,1,1,1
BRDA:66,2,0,0
BRDA:66,2,1,1
BRDA:85,3,0,0
BRDA:85,3,1,1
BRF:8
BRH:4
end_of_record
TN:
SF:controllers\userController.js
FN:4,(anonymous_0)
FN:9,(anonymous_1)
FN:25,(anonymous_2)
FNF:3
FNH:3
FNDA:3,(anonymous_0)
FNDA:3,(anonymous_1)
FNDA:2,(anonymous_2)
DA:1,2
DA:2,2
DA:4,2
DA:5,3
DA:9,2
DA:10,3
DA:12,3
DA:13,3
DA:16,2
DA:18,2
DA:20,1
DA:25,2
DA:26,2
DA:28,2
DA:29,2
DA:32,1
DA:34,1
DA:36,1
DA:40,2
LF:19
LH:19
BRF:0
BRH:0
end_of_record
TN:
SF:middleware\customMiddleware.js
FN:1,(anonymous_0)
FN:9,(anonymous_1)
FN:13,(anonymous_2)
FNF:3
FNH:1
FNDA:11,(anonymous_0)
FNDA:0,(anonymous_1)
FNDA:0,(anonymous_2)
DA:1,2
DA:2,11
DA:3,11
DA:4,11
DA:5,11
DA:6,11
DA:9,2
DA:10,0
DA:13,2
DA:14,0
DA:16,0
DA:17,0
DA:22,2
LF:13
LH:9
BRF:0
BRH:0
end_of_record
TN:
SF:middleware\requireAuth.js
FN:4,(anonymous_0)
FNF:1
FNH:1
FNDA:6,(anonymous_0)
DA:1,2
DA:2,2
DA:4,2
DA:6,6
DA:8,6
DA:9,0
DA:12,6
DA:14,6
DA:15,6
DA:17,5
DA:18,5
DA:20,1
DA:21,1
DA:25,2
LF:14
LH:13
BRDA:8,0,0,0
BRDA:8,0,1,6
BRF:2
BRH:1
end_of_record
TN:
SF:models\fitnessModel.js
FNF:0
FNH:0
DA:1,2
DA:3,2
DA:5,2
DA:28,2
LF:4
LH:4
BRF:0
BRH:0
end_of_record
TN:
SF:models\userModel.js
FN:20,(anonymous_0)
FN:47,(anonymous_1)
FNF:2
FNH:2
FNDA:3,(anonymous_0)
FNDA:2,(anonymous_1)
DA:1,2
DA:2,2
DA:3,2
DA:5,2
DA:7,2
DA:20,2
DA:22,3
DA:23,0
DA:25,3
DA:26,0
DA:28,3
DA:29,1
DA:32,2
DA:34,2
DA:35,0
DA:38,2
DA:39,2
DA:41,2
DA:43,2
DA:47,2
DA:48,2
DA:49,0
DA:52,2
DA:53,2
DA:54,0
DA:57,2
DA:58,2
DA:59,1
DA:62,1
DA:65,2
LF:30
LH:25
BRDA:22,0,0,0
BRDA:22,0,1,3
BRDA:22,1,0,3
BRDA:22,1,1,3
BRDA:25,2,0,0
BRDA:25,2,1,3
BRDA:28,3,0,1
BRDA:28,3,1,2
BRDA:34,4,0,0
BRDA:34,4,1,2
BRDA:48,5,0,0
BRDA:48,5,1,2
BRDA:48,6,0,2
BRDA:48,6,1,2
BRDA:53,7,0,0
BRDA:53,7,1,2
BRDA:58,8,0,1
BRDA:58,8,1,1
BRF:18
BRH:13
end_of_record
TN:
SF:routers\fitnessRouter.js
FNF:0
FNH:0
DA:1,2
DA:2,2
DA:3,2
DA:4,2
DA:7,2
DA:10,2
DA:13,2
DA:16,2
DA:19,2
DA:22,2
DA:24,2
LF:11
LH:11
BRF:0
BRH:0
end_of_record
TN:
SF:routers\userRouter.js
FNF:0
FNH:0
DA:1,2
DA:2,2
DA:3,2
DA:6,2
DA:9,2
DA:11,2
LF:6
LH:6
BRF:0
BRH:0
end_of_record
